D:\WWW\GITHUB\C\关机\PROJECT1\PROJECT1\DEBUG\SHUT.OBJ
D:\WWW\GITHUB\C\关机\PROJECT1\PROJECT1\DEBUG\VC110.PDB
D:\WWW\GITHUB\C\关机\PROJECT1\DEBUG\PROJECT1.ILK
D:\WWW\GITHUB\C\关机\PROJECT1\DEBUG\PROJECT1.EXE
D:\WWW\GITHUB\C\关机\PROJECT1\DEBUG\PROJECT1.PDB
D:\WWW\github\C\关机\Project1\Project1\Debug\shut.obj
D:\WWW\github\C\关机\Project1\Project1\Debug\cl.command.1.tlog
D:\WWW\github\C\关机\Project1\Project1\Debug\CL.read.1.tlog
D:\WWW\github\C\关机\Project1\Project1\Debug\CL.write.1.tlog
D:\WWW\github\C\关机\Project1\Project1\Debug\link-cvtres.read.1.tlog
D:\WWW\github\C\关机\Project1\Project1\Debug\link-cvtres.write.1.tlog
D:\WWW\github\C\关机\Project1\Project1\Debug\link-rc.read.1.tlog
D:\WWW\github\C\关机\Project1\Project1\Debug\link-rc.write.1.tlog
D:\WWW\github\C\关机\Project1\Project1\Debug\link.command.1.tlog
D:\WWW\github\C\关机\Project1\Project1\Debug\link.read.1.tlog
D:\WWW\github\C\关机\Project1\Project1\Debug\link.write.1.tlog
D:\WWW\github\C\关机\Project1\Project1\Debug\vc110.idb
D:\WWW\github\C\关机\Project1\Project1\Debug\vc110.pdb
D:\WWW\github\C\关机\Project1\Debug\Project1.pdb
D:\WWW\github\C\关机\Project1\Debug\Project1.exe
D:\WWW\github\C\关机\Project1\Debug\Project1.ilk
